07 Aug 2016, 22:39:15.442 [   INFO] [   FXGL.SystemLogger] [           main] System Logger is initialized
07 Aug 2016, 22:39:15.447 [  FINER] [   FXGL.SystemLogger] [           main] Logging System Info
07 Aug 2016, 22:39:15.448 [  FINER] [   FXGL.SystemLogger] [           main] CPU cores: 4
07 Aug 2016, 22:39:15.450 [  FINER] [   FXGL.SystemLogger] [           main] Free Memory: 115MB
07 Aug 2016, 22:39:15.451 [  FINER] [   FXGL.SystemLogger] [           main] Max Memory: 1794MB
07 Aug 2016, 22:39:15.452 [  FINER] [   FXGL.SystemLogger] [           main] Total Memory: 123MB
07 Aug 2016, 22:39:15.452 [  FINER] [   FXGL.SystemLogger] [           main] System Properties:
07 Aug 2016, 22:39:15.454 [  FINER] [   FXGL.SystemLogger] [           main] sun.cpu.isalist=amd64
07 Aug 2016, 22:39:15.454 [  FINER] [   FXGL.SystemLogger] [           main] sun.desktop=windows
07 Aug 2016, 22:39:15.455 [  FINER] [   FXGL.SystemLogger] [           main] sun.io.unicode.encoding=UnicodeLittle
07 Aug 2016, 22:39:15.455 [  FINER] [   FXGL.SystemLogger] [           main] sun.cpu.endian=little
07 Aug 2016, 22:39:15.455 [  FINER] [   FXGL.SystemLogger] [           main] java.vendor.url.bug=http://bugreport.sun.com/bugreport/
07 Aug 2016, 22:39:15.456 [  FINER] [   FXGL.SystemLogger] [           main] file.separator=\
07 Aug 2016, 22:39:15.456 [  FINER] [   FXGL.SystemLogger] [           main] java.vendor=Oracle Corporation
07 Aug 2016, 22:39:15.457 [  FINER] [   FXGL.SystemLogger] [           main] sun.boot.class.path=C:\Program Files\Java\jdk1.8.0_65\jre\lib\resources.jar;C:\Program Files\Java\jdk1.8.0_65\jre\lib\rt.jar;C:\Program Files\Java\jdk1.8.0_65\jre\lib\sunrsasign.jar;C:\Program Files\Java\jdk1.8.0_65\jre\lib\jsse.jar;C:\Program Files\Java\jdk1.8.0_65\jre\lib\jce.jar;C:\Program Files\Java\jdk1.8.0_65\jre\lib\charsets.jar;C:\Program Files\Java\jdk1.8.0_65\jre\lib\jfr.jar;C:\Program Files\Java\jdk1.8.0_65\jre\classes
07 Aug 2016, 22:39:15.457 [  FINER] [   FXGL.SystemLogger] [           main] java.ext.dirs=C:\Program Files\Java\jdk1.8.0_65\jre\lib\ext;C:\Windows\Sun\Java\lib\ext
07 Aug 2016, 22:39:15.457 [  FINER] [   FXGL.SystemLogger] [           main] java.version=1.8.0_65
07 Aug 2016, 22:39:15.458 [  FINER] [   FXGL.SystemLogger] [           main] java.vm.info=mixed mode
07 Aug 2016, 22:39:15.458 [  FINER] [   FXGL.SystemLogger] [           main] awt.toolkit=sun.awt.windows.WToolkit
07 Aug 2016, 22:39:15.458 [  FINER] [   FXGL.SystemLogger] [           main] user.language=en
07 Aug 2016, 22:39:15.459 [  FINER] [   FXGL.SystemLogger] [           main] java.specification.vendor=Oracle Corporation
07 Aug 2016, 22:39:15.459 [  FINER] [   FXGL.SystemLogger] [           main] sun.java.command=com.intellij.rt.execution.application.AppMain Breakout
07 Aug 2016, 22:39:15.459 [  FINER] [   FXGL.SystemLogger] [           main] java.home=C:\Program Files\Java\jdk1.8.0_65\jre
07 Aug 2016, 22:39:15.460 [  FINER] [   FXGL.SystemLogger] [           main] sun.arch.data.model=64
07 Aug 2016, 22:39:15.460 [  FINER] [   FXGL.SystemLogger] [           main] java.vm.specification.version=1.8
07 Aug 2016, 22:39:15.460 [  FINER] [   FXGL.SystemLogger] [           main] java.class.path=C:\Program Files\Java\jdk1.8.0_65\jre\lib\charsets.jar;C:\Program Files\Java\jdk1.8.0_65\jre\lib\deploy.jar;C:\Program Files\Java\jdk1.8.0_65\jre\lib\ext\access-bridge-64.jar;C:\Program Files\Java\jdk1.8.0_65\jre\lib\ext\cldrdata.jar;C:\Program Files\Java\jdk1.8.0_65\jre\lib\ext\dnsns.jar;C:\Program Files\Java\jdk1.8.0_65\jre\lib\ext\jaccess.jar;C:\Program Files\Java\jdk1.8.0_65\jre\lib\ext\jfxrt.jar;C:\Program Files\Java\jdk1.8.0_65\jre\lib\ext\localedata.jar;C:\Program Files\Java\jdk1.8.0_65\jre\lib\ext\nashorn.jar;C:\Program Files\Java\jdk1.8.0_65\jre\lib\ext\sunec.jar;C:\Program Files\Java\jdk1.8.0_65\jre\lib\ext\sunjce_provider.jar;C:\Program Files\Java\jdk1.8.0_65\jre\lib\ext\sunmscapi.jar;C:\Program Files\Java\jdk1.8.0_65\jre\lib\ext\sunpkcs11.jar;C:\Program Files\Java\jdk1.8.0_65\jre\lib\ext\zipfs.jar;C:\Program Files\Java\jdk1.8.0_65\jre\lib\javaws.jar;C:\Program Files\Java\jdk1.8.0_65\jre\lib\jce.jar;C:\Program Files\Java\jdk1.8.0_65\jre\lib\jfr.jar;C:\Program Files\Java\jdk1.8.0_65\jre\lib\jfxswt.jar;C:\Program Files\Java\jdk1.8.0_65\jre\lib\jsse.jar;C:\Program Files\Java\jdk1.8.0_65\jre\lib\management-agent.jar;C:\Program Files\Java\jdk1.8.0_65\jre\lib\plugin.jar;C:\Program Files\Java\jdk1.8.0_65\jre\lib\resources.jar;C:\Program Files\Java\jdk1.8.0_65\jre\lib\rt.jar;C:\Users\Whit\IdeaProjects\Breakout2\out\production\Breakout2;C:\Users\Whit\IdeaProjects\Breakout2\lib\FXGL-0.2.5-uber.jar;C:\Program Files (x86)\JetBrains\IntelliJ IDEA Community Edition 15.0.3\lib\idea_rt.jar
07 Aug 2016, 22:39:15.461 [  FINER] [   FXGL.SystemLogger] [           main] user.name=Whit
07 Aug 2016, 22:39:15.462 [  FINER] [   FXGL.SystemLogger] [           main] file.encoding=UTF-8
07 Aug 2016, 22:39:15.462 [  FINER] [   FXGL.SystemLogger] [           main] idea.launcher.bin.path=C:\Program Files (x86)\JetBrains\IntelliJ IDEA Community Edition 15.0.3\bin
07 Aug 2016, 22:39:15.463 [  FINER] [   FXGL.SystemLogger] [           main] java.specification.version=1.8
07 Aug 2016, 22:39:15.463 [  FINER] [   FXGL.SystemLogger] [           main] java.awt.printerjob=sun.awt.windows.WPrinterJob
07 Aug 2016, 22:39:15.463 [  FINER] [   FXGL.SystemLogger] [           main] user.timezone=America/New_York
07 Aug 2016, 22:39:15.463 [  FINER] [   FXGL.SystemLogger] [           main] user.home=C:\Users\Whit
07 Aug 2016, 22:39:15.464 [  FINER] [   FXGL.SystemLogger] [           main] os.version=6.3
07 Aug 2016, 22:39:15.464 [  FINER] [   FXGL.SystemLogger] [           main] sun.management.compiler=HotSpot 64-Bit Tiered Compilers
07 Aug 2016, 22:39:15.464 [  FINER] [   FXGL.SystemLogger] [           main] java.specification.name=Java Platform API Specification
07 Aug 2016, 22:39:15.465 [  FINER] [   FXGL.SystemLogger] [           main] java.class.version=52.0
07 Aug 2016, 22:39:15.465 [  FINER] [   FXGL.SystemLogger] [           main] java.library.path=C:\Program Files\Java\jdk1.8.0_65\bin;C:\Windows\Sun\Java\bin;C:\Windows\system32;C:\Windows;C:\ProgramData\Oracle\Java\javapath;C:\Windows\system32;C:\Windows;C:\Windows\System32\Wbem;C:\Windows\System32\WindowsPowerShell\v1.0\;C:\Program Files\Git\cmd;.
07 Aug 2016, 22:39:15.465 [  FINER] [   FXGL.SystemLogger] [           main] sun.jnu.encoding=Cp1252
07 Aug 2016, 22:39:15.466 [  FINER] [   FXGL.SystemLogger] [           main] os.name=Windows 8.1
07 Aug 2016, 22:39:15.466 [  FINER] [   FXGL.SystemLogger] [           main] user.variant=
07 Aug 2016, 22:39:15.466 [  FINER] [   FXGL.SystemLogger] [           main] java.vm.specification.vendor=Oracle Corporation
07 Aug 2016, 22:39:15.466 [  FINER] [   FXGL.SystemLogger] [           main] java.io.tmpdir=C:\Users\Whit\AppData\Local\Temp\
07 Aug 2016, 22:39:15.467 [  FINER] [   FXGL.SystemLogger] [           main] line.separator=

07 Aug 2016, 22:39:15.467 [  FINER] [   FXGL.SystemLogger] [           main] java.endorsed.dirs=C:\Program Files\Java\jdk1.8.0_65\jre\lib\endorsed
07 Aug 2016, 22:39:15.467 [  FINER] [   FXGL.SystemLogger] [           main] os.arch=amd64
07 Aug 2016, 22:39:15.468 [  FINER] [   FXGL.SystemLogger] [           main] java.awt.graphicsenv=sun.awt.Win32GraphicsEnvironment
07 Aug 2016, 22:39:15.468 [  FINER] [   FXGL.SystemLogger] [           main] java.runtime.version=1.8.0_65-b17
07 Aug 2016, 22:39:15.468 [  FINER] [   FXGL.SystemLogger] [           main] java.vm.specification.name=Java Virtual Machine Specification
07 Aug 2016, 22:39:15.469 [  FINER] [   FXGL.SystemLogger] [           main] user.dir=C:\Users\Whit\IdeaProjects\Breakout2
07 Aug 2016, 22:39:15.469 [  FINER] [   FXGL.SystemLogger] [           main] user.country=US
07 Aug 2016, 22:39:15.469 [  FINER] [   FXGL.SystemLogger] [           main] user.script=
07 Aug 2016, 22:39:15.470 [  FINER] [   FXGL.SystemLogger] [           main] sun.java.launcher=SUN_STANDARD
07 Aug 2016, 22:39:15.470 [  FINER] [   FXGL.SystemLogger] [           main] sun.os.patch.level=
07 Aug 2016, 22:39:15.470 [  FINER] [   FXGL.SystemLogger] [           main] idea.launcher.port=7534
07 Aug 2016, 22:39:15.471 [  FINER] [   FXGL.SystemLogger] [           main] java.vm.name=Java HotSpot(TM) 64-Bit Server VM
07 Aug 2016, 22:39:15.471 [  FINER] [   FXGL.SystemLogger] [           main] file.encoding.pkg=sun.io
07 Aug 2016, 22:39:15.471 [  FINER] [   FXGL.SystemLogger] [           main] path.separator=;
07 Aug 2016, 22:39:15.471 [  FINER] [   FXGL.SystemLogger] [           main] java.vm.vendor=Oracle Corporation
07 Aug 2016, 22:39:15.471 [  FINER] [   FXGL.SystemLogger] [           main] java.vendor.url=http://java.oracle.com/
07 Aug 2016, 22:39:15.472 [  FINER] [   FXGL.SystemLogger] [           main] sun.boot.library.path=C:\Program Files\Java\jdk1.8.0_65\jre\bin
07 Aug 2016, 22:39:15.472 [  FINER] [   FXGL.SystemLogger] [           main] java.vm.version=25.65-b01
07 Aug 2016, 22:39:15.472 [  FINER] [   FXGL.SystemLogger] [           main] java.runtime.name=Java(TM) SE Runtime Environment
07 Aug 2016, 22:39:15.478 [   INFO] [   FXGL.SystemLogger] [           main] FXGL-0.2.5
07 Aug 2016, 22:39:15.479 [   INFO] [   FXGL.SystemLogger] [           main] JavaFX-1.8.0_92-b14
07 Aug 2016, 22:39:15.479 [   INFO] [   FXGL.SystemLogger] [           main] JBox2D-2.3.0-fxgl
07 Aug 2016, 22:39:15.480 [   INFO] [   FXGL.SystemLogger] [           main] Kotlin-1.0.3
07 Aug 2016, 22:39:15.481 [   INFO] [   FXGL.SystemLogger] [           main] Source code and latest versions at: https://github.com/AlmasB/FXGL
07 Aug 2016, 22:39:15.481 [   INFO] [   FXGL.SystemLogger] [           main]              Join the FXGL chat at: https://gitter.im/AlmasB/FXGL
07 Aug 2016, 22:39:15.659 [  FINER] [   FXGL.SystemLogger] [JavaFX Application Thread] Starting JavaFX
07 Aug 2016, 22:39:15.670 [  FINER] [   FXGL.SystemLogger] [JavaFX-Launcher] Initializing FXGL
07 Aug 2016, 22:39:15.693 [  FINER] [   FXGL.SystemLogger] [JavaFX Application Thread] Starting FXGL
07 Aug 2016, 22:39:15.693 [  FINER] [   FXGL.SystemLogger] [JavaFX Application Thread] Initializing system properties
07 Aug 2016, 22:39:15.734 [  FINER] [   FXGL.SystemLogger] [JavaFX Application Thread] sound.notification = system/notification.wav
07 Aug 2016, 22:39:15.736 [  FINER] [   FXGL.SystemLogger] [JavaFX Application Thread] asset.cache.size = 35
07 Aug 2016, 22:39:15.736 [  FINER] [   FXGL.SystemLogger] [JavaFX Application Thread] fs.profiledir = profiles/
07 Aug 2016, 22:39:15.737 [  FINER] [   FXGL.SystemLogger] [JavaFX Application Thread] url.pom = https://raw.githubusercontent.com/AlmasB/FXGL/master/pom.xml
07 Aug 2016, 22:39:15.737 [  FINER] [   FXGL.SystemLogger] [JavaFX Application Thread] fs.datafile.ext = .dat
07 Aug 2016, 22:39:15.738 [  FINER] [   FXGL.SystemLogger] [JavaFX Application Thread] sound.menu.back = menu/back.wav
07 Aug 2016, 22:39:15.738 [  FINER] [   FXGL.SystemLogger] [JavaFX Application Thread] sound.menu.select = menu/select.wav
07 Aug 2016, 22:39:15.738 [  FINER] [   FXGL.SystemLogger] [JavaFX Application Thread] url.github = https://github.com/AlmasB/FXGL
07 Aug 2016, 22:39:15.738 [  FINER] [   FXGL.SystemLogger] [JavaFX Application Thread] physics.ppm = 50
07 Aug 2016, 22:39:15.739 [  FINER] [   FXGL.SystemLogger] [JavaFX Application Thread] ui.css = fxgl.css
07 Aug 2016, 22:39:15.739 [  FINER] [   FXGL.SystemLogger] [JavaFX Application Thread] version.check.days = 7
07 Aug 2016, 22:39:15.739 [  FINER] [   FXGL.SystemLogger] [JavaFX Application Thread] fs.savefile.ext = .sav
07 Aug 2016, 22:39:15.743 [  FINER] [   FXGL.SystemLogger] [JavaFX Application Thread] ui.font = Copperplate_Gothic_Light_Regular.ttf
07 Aug 2016, 22:39:15.744 [  FINER] [   FXGL.SystemLogger] [JavaFX Application Thread] fs.savedir = saves/
07 Aug 2016, 22:39:15.744 [  FINER] [   FXGL.SystemLogger] [JavaFX Application Thread] fs.profilename = user.profile
07 Aug 2016, 22:39:15.747 [  FINER] [   FXGL.SystemLogger] [JavaFX Application Thread] ui.icon.name = fxgl_icon.png
07 Aug 2016, 22:39:15.747 [  FINER] [   FXGL.SystemLogger] [JavaFX Application Thread] sound.menu.press = menu/press.wav
07 Aug 2016, 22:39:15.747 [  FINER] [   FXGL.SystemLogger] [JavaFX Application Thread] Initializing user properties
07 Aug 2016, 22:39:15.748 [   INFO] [   FXGL.SystemLogger] [JavaFX Application Thread] User properties not found. Using system
07 Aug 2016, 22:39:15.749 [  FINER] [   FXGL.SystemLogger] [JavaFX Application Thread] Initializing app settings
07 Aug 2016, 22:39:17.204 [  FINER] [   FXGL.SystemLogger] [JavaFX Application Thread] FXGL configuration complete
07 Aug 2016, 22:39:17.204 [   INFO] [   FXGL.SystemLogger] [JavaFX Application Thread] FXGL configuration took: 1.511411873 sec
07 Aug 2016, 22:39:17.575 [  FINER] [   FXGL.SystemLogger] [JavaFX Application Thread] Pausing main loop
07 Aug 2016, 22:39:17.577 [  FINER] [   FXGL.SystemLogger] [JavaFX Application Thread] Resetting FXGL application
07 Aug 2016, 22:39:19.175 [  FINER] [   FXGL.SystemLogger] [JavaFX Application Thread] Resuming main loop
07 Aug 2016, 22:39:20.975 [  FINER] [   FXGL.SystemLogger] [JavaFX Application Thread] Pausing main loop
07 Aug 2016, 22:39:21.892 [  FINER] [   FXGL.SystemLogger] [JavaFX Application Thread] Resuming main loop
07 Aug 2016, 22:39:21.893 [  FINER] [   FXGL.SystemLogger] [JavaFX Application Thread] Exiting Normally
07 Aug 2016, 22:39:21.894 [   INFO] [   FXGL.SystemLogger] [JavaFX Application Thread] Processed Frames: 99
07 Aug 2016, 22:39:21.895 [   INFO] [   FXGL.SystemLogger] [JavaFX Application Thread] Average FPS: 31.2020202020202
07 Aug 2016, 22:39:21.895 [   INFO] [   FXGL.SystemLogger] [JavaFX Application Thread] Average Performance: 1209.20202020202
07 Aug 2016, 22:39:21.896 [   INFO] [   FXGL.SystemLogger] [JavaFX Application Thread] Average Memory Usage: 31.8582181930542 MB
07 Aug 2016, 22:39:21.897 [   INFO] [   FXGL.SystemLogger] [JavaFX Application Thread] Min Memory Usage: 31.956390380859375 MB
07 Aug 2016, 22:39:21.897 [   INFO] [   FXGL.SystemLogger] [JavaFX Application Thread] Max Memory Usage: 32.509788513183594 MB
07 Aug 2016, 22:39:21.898 [   INFO] [   FXGL.SystemLogger] [JavaFX Application Thread] Estimated GC runs: 0
07 Aug 2016, 22:39:21.909 [  FINER] [   FXGL.SystemLogger] [JavaFX Application Thread] Exiting FXGL
07 Aug 2016, 22:39:21.910 [  FINER] [   FXGL.SystemLogger] [JavaFX Application Thread] Logger is closing
