07 Aug 2016, 22:28:56.817 [   INFO] [   FXGL.SystemLogger] [           main] System Logger is initialized
07 Aug 2016, 22:28:56.829 [  FINER] [   FXGL.SystemLogger] [           main] Logging System Info
07 Aug 2016, 22:28:56.830 [  FINER] [   FXGL.SystemLogger] [           main] CPU cores: 4
07 Aug 2016, 22:28:56.836 [  FINER] [   FXGL.SystemLogger] [           main] Free Memory: 116MB
07 Aug 2016, 22:28:56.837 [  FINER] [   FXGL.SystemLogger] [           main] Max Memory: 1794MB
07 Aug 2016, 22:28:56.838 [  FINER] [   FXGL.SystemLogger] [           main] Total Memory: 123MB
07 Aug 2016, 22:28:56.839 [  FINER] [   FXGL.SystemLogger] [           main] System Properties:
07 Aug 2016, 22:28:56.842 [  FINER] [   FXGL.SystemLogger] [           main] sun.cpu.isalist=amd64
07 Aug 2016, 22:28:56.843 [  FINER] [   FXGL.SystemLogger] [           main] sun.desktop=windows
07 Aug 2016, 22:28:56.844 [  FINER] [   FXGL.SystemLogger] [           main] sun.io.unicode.encoding=UnicodeLittle
07 Aug 2016, 22:28:56.846 [  FINER] [   FXGL.SystemLogger] [           main] sun.cpu.endian=little
07 Aug 2016, 22:28:56.846 [  FINER] [   FXGL.SystemLogger] [           main] java.vendor.url.bug=http://bugreport.sun.com/bugreport/
07 Aug 2016, 22:28:56.848 [  FINER] [   FXGL.SystemLogger] [           main] file.separator=\
07 Aug 2016, 22:28:56.850 [  FINER] [   FXGL.SystemLogger] [           main] java.vendor=Oracle Corporation
07 Aug 2016, 22:28:56.852 [  FINER] [   FXGL.SystemLogger] [           main] sun.boot.class.path=C:\Program Files\Java\jdk1.8.0_65\jre\lib\resources.jar;C:\Program Files\Java\jdk1.8.0_65\jre\lib\rt.jar;C:\Program Files\Java\jdk1.8.0_65\jre\lib\sunrsasign.jar;C:\Program Files\Java\jdk1.8.0_65\jre\lib\jsse.jar;C:\Program Files\Java\jdk1.8.0_65\jre\lib\jce.jar;C:\Program Files\Java\jdk1.8.0_65\jre\lib\charsets.jar;C:\Program Files\Java\jdk1.8.0_65\jre\lib\jfr.jar;C:\Program Files\Java\jdk1.8.0_65\jre\classes
07 Aug 2016, 22:28:56.853 [  FINER] [   FXGL.SystemLogger] [           main] java.ext.dirs=C:\Program Files\Java\jdk1.8.0_65\jre\lib\ext;C:\Windows\Sun\Java\lib\ext
07 Aug 2016, 22:28:56.854 [  FINER] [   FXGL.SystemLogger] [           main] java.version=1.8.0_65
07 Aug 2016, 22:28:56.854 [  FINER] [   FXGL.SystemLogger] [           main] java.vm.info=mixed mode
07 Aug 2016, 22:28:56.855 [  FINER] [   FXGL.SystemLogger] [           main] awt.toolkit=sun.awt.windows.WToolkit
07 Aug 2016, 22:28:56.856 [  FINER] [   FXGL.SystemLogger] [           main] user.language=en
07 Aug 2016, 22:28:56.856 [  FINER] [   FXGL.SystemLogger] [           main] java.specification.vendor=Oracle Corporation
07 Aug 2016, 22:28:56.857 [  FINER] [   FXGL.SystemLogger] [           main] sun.java.command=com.intellij.rt.execution.application.AppMain Breakout
07 Aug 2016, 22:28:56.858 [  FINER] [   FXGL.SystemLogger] [           main] java.home=C:\Program Files\Java\jdk1.8.0_65\jre
07 Aug 2016, 22:28:56.858 [  FINER] [   FXGL.SystemLogger] [           main] sun.arch.data.model=64
07 Aug 2016, 22:28:56.863 [  FINER] [   FXGL.SystemLogger] [           main] java.vm.specification.version=1.8
07 Aug 2016, 22:28:56.865 [  FINER] [   FXGL.SystemLogger] [           main] java.class.path=C:\Program Files\Java\jdk1.8.0_65\jre\lib\charsets.jar;C:\Program Files\Java\jdk1.8.0_65\jre\lib\deploy.jar;C:\Program Files\Java\jdk1.8.0_65\jre\lib\ext\access-bridge-64.jar;C:\Program Files\Java\jdk1.8.0_65\jre\lib\ext\cldrdata.jar;C:\Program Files\Java\jdk1.8.0_65\jre\lib\ext\dnsns.jar;C:\Program Files\Java\jdk1.8.0_65\jre\lib\ext\jaccess.jar;C:\Program Files\Java\jdk1.8.0_65\jre\lib\ext\jfxrt.jar;C:\Program Files\Java\jdk1.8.0_65\jre\lib\ext\localedata.jar;C:\Program Files\Java\jdk1.8.0_65\jre\lib\ext\nashorn.jar;C:\Program Files\Java\jdk1.8.0_65\jre\lib\ext\sunec.jar;C:\Program Files\Java\jdk1.8.0_65\jre\lib\ext\sunjce_provider.jar;C:\Program Files\Java\jdk1.8.0_65\jre\lib\ext\sunmscapi.jar;C:\Program Files\Java\jdk1.8.0_65\jre\lib\ext\sunpkcs11.jar;C:\Program Files\Java\jdk1.8.0_65\jre\lib\ext\zipfs.jar;C:\Program Files\Java\jdk1.8.0_65\jre\lib\javaws.jar;C:\Program Files\Java\jdk1.8.0_65\jre\lib\jce.jar;C:\Program Files\Java\jdk1.8.0_65\jre\lib\jfr.jar;C:\Program Files\Java\jdk1.8.0_65\jre\lib\jfxswt.jar;C:\Program Files\Java\jdk1.8.0_65\jre\lib\jsse.jar;C:\Program Files\Java\jdk1.8.0_65\jre\lib\management-agent.jar;C:\Program Files\Java\jdk1.8.0_65\jre\lib\plugin.jar;C:\Program Files\Java\jdk1.8.0_65\jre\lib\resources.jar;C:\Program Files\Java\jdk1.8.0_65\jre\lib\rt.jar;C:\Users\Whit\IdeaProjects\Breakout2\out\production\Breakout2;C:\Users\Whit\IdeaProjects\Breakout2\lib\FXGL-0.2.5-uber.jar;C:\Program Files (x86)\JetBrains\IntelliJ IDEA Community Edition 15.0.3\lib\idea_rt.jar
07 Aug 2016, 22:28:56.868 [  FINER] [   FXGL.SystemLogger] [           main] user.name=Whit
07 Aug 2016, 22:28:56.869 [  FINER] [   FXGL.SystemLogger] [           main] file.encoding=UTF-8
07 Aug 2016, 22:28:56.870 [  FINER] [   FXGL.SystemLogger] [           main] idea.launcher.bin.path=C:\Program Files (x86)\JetBrains\IntelliJ IDEA Community Edition 15.0.3\bin
07 Aug 2016, 22:28:56.870 [  FINER] [   FXGL.SystemLogger] [           main] java.specification.version=1.8
07 Aug 2016, 22:28:56.871 [  FINER] [   FXGL.SystemLogger] [           main] java.awt.printerjob=sun.awt.windows.WPrinterJob
07 Aug 2016, 22:28:56.872 [  FINER] [   FXGL.SystemLogger] [           main] user.timezone=America/New_York
07 Aug 2016, 22:28:56.873 [  FINER] [   FXGL.SystemLogger] [           main] user.home=C:\Users\Whit
07 Aug 2016, 22:28:56.873 [  FINER] [   FXGL.SystemLogger] [           main] os.version=6.3
07 Aug 2016, 22:28:56.874 [  FINER] [   FXGL.SystemLogger] [           main] sun.management.compiler=HotSpot 64-Bit Tiered Compilers
07 Aug 2016, 22:28:56.874 [  FINER] [   FXGL.SystemLogger] [           main] java.specification.name=Java Platform API Specification
07 Aug 2016, 22:28:56.876 [  FINER] [   FXGL.SystemLogger] [           main] java.class.version=52.0
07 Aug 2016, 22:28:56.878 [  FINER] [   FXGL.SystemLogger] [           main] java.library.path=C:\Program Files\Java\jdk1.8.0_65\bin;C:\Windows\Sun\Java\bin;C:\Windows\system32;C:\Windows;C:\ProgramData\Oracle\Java\javapath;C:\Windows\system32;C:\Windows;C:\Windows\System32\Wbem;C:\Windows\System32\WindowsPowerShell\v1.0\;C:\Program Files\Git\cmd;.
07 Aug 2016, 22:28:56.879 [  FINER] [   FXGL.SystemLogger] [           main] sun.jnu.encoding=Cp1252
07 Aug 2016, 22:28:56.879 [  FINER] [   FXGL.SystemLogger] [           main] os.name=Windows 8.1
07 Aug 2016, 22:28:56.880 [  FINER] [   FXGL.SystemLogger] [           main] user.variant=
07 Aug 2016, 22:28:56.882 [  FINER] [   FXGL.SystemLogger] [           main] java.vm.specification.vendor=Oracle Corporation
07 Aug 2016, 22:28:56.882 [  FINER] [   FXGL.SystemLogger] [           main] java.io.tmpdir=C:\Users\Whit\AppData\Local\Temp\
07 Aug 2016, 22:28:56.883 [  FINER] [   FXGL.SystemLogger] [           main] line.separator=

07 Aug 2016, 22:28:56.884 [  FINER] [   FXGL.SystemLogger] [           main] java.endorsed.dirs=C:\Program Files\Java\jdk1.8.0_65\jre\lib\endorsed
07 Aug 2016, 22:28:56.884 [  FINER] [   FXGL.SystemLogger] [           main] os.arch=amd64
07 Aug 2016, 22:28:56.885 [  FINER] [   FXGL.SystemLogger] [           main] java.awt.graphicsenv=sun.awt.Win32GraphicsEnvironment
07 Aug 2016, 22:28:56.886 [  FINER] [   FXGL.SystemLogger] [           main] java.runtime.version=1.8.0_65-b17
07 Aug 2016, 22:28:56.886 [  FINER] [   FXGL.SystemLogger] [           main] java.vm.specification.name=Java Virtual Machine Specification
07 Aug 2016, 22:28:56.887 [  FINER] [   FXGL.SystemLogger] [           main] user.dir=C:\Users\Whit\IdeaProjects\Breakout2
07 Aug 2016, 22:28:56.887 [  FINER] [   FXGL.SystemLogger] [           main] user.country=US
07 Aug 2016, 22:28:56.888 [  FINER] [   FXGL.SystemLogger] [           main] user.script=
07 Aug 2016, 22:28:56.889 [  FINER] [   FXGL.SystemLogger] [           main] sun.java.launcher=SUN_STANDARD
07 Aug 2016, 22:28:56.890 [  FINER] [   FXGL.SystemLogger] [           main] sun.os.patch.level=
07 Aug 2016, 22:28:56.890 [  FINER] [   FXGL.SystemLogger] [           main] idea.launcher.port=7538
07 Aug 2016, 22:28:56.891 [  FINER] [   FXGL.SystemLogger] [           main] java.vm.name=Java HotSpot(TM) 64-Bit Server VM
07 Aug 2016, 22:28:56.891 [  FINER] [   FXGL.SystemLogger] [           main] file.encoding.pkg=sun.io
07 Aug 2016, 22:28:56.894 [  FINER] [   FXGL.SystemLogger] [           main] path.separator=;
07 Aug 2016, 22:28:56.896 [  FINER] [   FXGL.SystemLogger] [           main] java.vm.vendor=Oracle Corporation
07 Aug 2016, 22:28:56.896 [  FINER] [   FXGL.SystemLogger] [           main] java.vendor.url=http://java.oracle.com/
07 Aug 2016, 22:28:56.898 [  FINER] [   FXGL.SystemLogger] [           main] sun.boot.library.path=C:\Program Files\Java\jdk1.8.0_65\jre\bin
07 Aug 2016, 22:28:56.898 [  FINER] [   FXGL.SystemLogger] [           main] java.vm.version=25.65-b01
07 Aug 2016, 22:28:56.899 [  FINER] [   FXGL.SystemLogger] [           main] java.runtime.name=Java(TM) SE Runtime Environment
07 Aug 2016, 22:28:56.908 [   INFO] [   FXGL.SystemLogger] [           main] FXGL-0.2.5
07 Aug 2016, 22:28:56.910 [   INFO] [   FXGL.SystemLogger] [           main] JavaFX-1.8.0_92-b14
07 Aug 2016, 22:28:56.912 [   INFO] [   FXGL.SystemLogger] [           main] JBox2D-2.3.0-fxgl
07 Aug 2016, 22:28:56.913 [   INFO] [   FXGL.SystemLogger] [           main] Kotlin-1.0.3
07 Aug 2016, 22:28:56.915 [   INFO] [   FXGL.SystemLogger] [           main] Source code and latest versions at: https://github.com/AlmasB/FXGL
07 Aug 2016, 22:28:56.918 [   INFO] [   FXGL.SystemLogger] [           main]              Join the FXGL chat at: https://gitter.im/AlmasB/FXGL
07 Aug 2016, 22:28:57.334 [  FINER] [   FXGL.SystemLogger] [JavaFX Application Thread] Starting JavaFX
07 Aug 2016, 22:28:57.353 [  FINER] [   FXGL.SystemLogger] [JavaFX-Launcher] Initializing FXGL
07 Aug 2016, 22:28:57.395 [  FINER] [   FXGL.SystemLogger] [JavaFX Application Thread] Starting FXGL
07 Aug 2016, 22:28:57.396 [  FINER] [   FXGL.SystemLogger] [JavaFX Application Thread] Initializing system properties
07 Aug 2016, 22:28:57.547 [  FINER] [   FXGL.SystemLogger] [JavaFX Application Thread] sound.notification = system/notification.wav
07 Aug 2016, 22:28:57.548 [  FINER] [   FXGL.SystemLogger] [JavaFX Application Thread] asset.cache.size = 35
07 Aug 2016, 22:28:57.549 [  FINER] [   FXGL.SystemLogger] [JavaFX Application Thread] fs.profiledir = profiles/
07 Aug 2016, 22:28:57.550 [  FINER] [   FXGL.SystemLogger] [JavaFX Application Thread] url.pom = https://raw.githubusercontent.com/AlmasB/FXGL/master/pom.xml
07 Aug 2016, 22:28:57.555 [  FINER] [   FXGL.SystemLogger] [JavaFX Application Thread] fs.datafile.ext = .dat
07 Aug 2016, 22:28:57.562 [  FINER] [   FXGL.SystemLogger] [JavaFX Application Thread] sound.menu.back = menu/back.wav
07 Aug 2016, 22:28:57.563 [  FINER] [   FXGL.SystemLogger] [JavaFX Application Thread] sound.menu.select = menu/select.wav
07 Aug 2016, 22:28:57.563 [  FINER] [   FXGL.SystemLogger] [JavaFX Application Thread] url.github = https://github.com/AlmasB/FXGL
07 Aug 2016, 22:28:57.564 [  FINER] [   FXGL.SystemLogger] [JavaFX Application Thread] physics.ppm = 50
07 Aug 2016, 22:28:57.564 [  FINER] [   FXGL.SystemLogger] [JavaFX Application Thread] ui.css = fxgl.css
07 Aug 2016, 22:28:57.565 [  FINER] [   FXGL.SystemLogger] [JavaFX Application Thread] version.check.days = 7
07 Aug 2016, 22:28:57.565 [  FINER] [   FXGL.SystemLogger] [JavaFX Application Thread] fs.savefile.ext = .sav
07 Aug 2016, 22:28:57.566 [  FINER] [   FXGL.SystemLogger] [JavaFX Application Thread] ui.font = Copperplate_Gothic_Light_Regular.ttf
07 Aug 2016, 22:28:57.567 [  FINER] [   FXGL.SystemLogger] [JavaFX Application Thread] fs.savedir = saves/
07 Aug 2016, 22:28:57.567 [  FINER] [   FXGL.SystemLogger] [JavaFX Application Thread] fs.profilename = user.profile
07 Aug 2016, 22:28:57.568 [  FINER] [   FXGL.SystemLogger] [JavaFX Application Thread] ui.icon.name = fxgl_icon.png
07 Aug 2016, 22:28:57.568 [  FINER] [   FXGL.SystemLogger] [JavaFX Application Thread] sound.menu.press = menu/press.wav
07 Aug 2016, 22:28:57.573 [  FINER] [   FXGL.SystemLogger] [JavaFX Application Thread] Initializing user properties
07 Aug 2016, 22:28:57.574 [   INFO] [   FXGL.SystemLogger] [JavaFX Application Thread] User properties not found. Using system
07 Aug 2016, 22:28:57.575 [  FINER] [   FXGL.SystemLogger] [JavaFX Application Thread] Initializing app settings
07 Aug 2016, 22:29:00.456 [  FINER] [   FXGL.SystemLogger] [JavaFX Application Thread] FXGL configuration complete
07 Aug 2016, 22:29:00.459 [   INFO] [   FXGL.SystemLogger] [JavaFX Application Thread] FXGL configuration took: 3.062856852 sec
07 Aug 2016, 22:29:01.244 [  FINER] [   FXGL.SystemLogger] [JavaFX Application Thread] Pausing main loop
07 Aug 2016, 22:29:01.248 [  FINER] [   FXGL.SystemLogger] [JavaFX Application Thread] Resetting FXGL application
07 Aug 2016, 22:29:03.799 [  FINER] [   FXGL.SystemLogger] [JavaFX Application Thread] Resuming main loop
