07 Aug 2016, 22:33:47.585 [   INFO] [   FXGL.SystemLogger] [           main] System Logger is initialized
07 Aug 2016, 22:33:47.591 [  FINER] [   FXGL.SystemLogger] [           main] Logging System Info
07 Aug 2016, 22:33:47.592 [  FINER] [   FXGL.SystemLogger] [           main] CPU cores: 4
07 Aug 2016, 22:33:47.594 [  FINER] [   FXGL.SystemLogger] [           main] Free Memory: 116MB
07 Aug 2016, 22:33:47.595 [  FINER] [   FXGL.SystemLogger] [           main] Max Memory: 1794MB
07 Aug 2016, 22:33:47.596 [  FINER] [   FXGL.SystemLogger] [           main] Total Memory: 123MB
07 Aug 2016, 22:33:47.596 [  FINER] [   FXGL.SystemLogger] [           main] System Properties:
07 Aug 2016, 22:33:47.598 [  FINER] [   FXGL.SystemLogger] [           main] sun.cpu.isalist=amd64
07 Aug 2016, 22:33:47.598 [  FINER] [   FXGL.SystemLogger] [           main] sun.desktop=windows
07 Aug 2016, 22:33:47.598 [  FINER] [   FXGL.SystemLogger] [           main] sun.io.unicode.encoding=UnicodeLittle
07 Aug 2016, 22:33:47.599 [  FINER] [   FXGL.SystemLogger] [           main] sun.cpu.endian=little
07 Aug 2016, 22:33:47.599 [  FINER] [   FXGL.SystemLogger] [           main] java.vendor.url.bug=http://bugreport.sun.com/bugreport/
07 Aug 2016, 22:33:47.600 [  FINER] [   FXGL.SystemLogger] [           main] file.separator=\
07 Aug 2016, 22:33:47.600 [  FINER] [   FXGL.SystemLogger] [           main] java.vendor=Oracle Corporation
07 Aug 2016, 22:33:47.600 [  FINER] [   FXGL.SystemLogger] [           main] sun.boot.class.path=C:\Program Files\Java\jdk1.8.0_65\jre\lib\resources.jar;C:\Program Files\Java\jdk1.8.0_65\jre\lib\rt.jar;C:\Program Files\Java\jdk1.8.0_65\jre\lib\sunrsasign.jar;C:\Program Files\Java\jdk1.8.0_65\jre\lib\jsse.jar;C:\Program Files\Java\jdk1.8.0_65\jre\lib\jce.jar;C:\Program Files\Java\jdk1.8.0_65\jre\lib\charsets.jar;C:\Program Files\Java\jdk1.8.0_65\jre\lib\jfr.jar;C:\Program Files\Java\jdk1.8.0_65\jre\classes
07 Aug 2016, 22:33:47.601 [  FINER] [   FXGL.SystemLogger] [           main] java.ext.dirs=C:\Program Files\Java\jdk1.8.0_65\jre\lib\ext;C:\Windows\Sun\Java\lib\ext
07 Aug 2016, 22:33:47.601 [  FINER] [   FXGL.SystemLogger] [           main] java.version=1.8.0_65
07 Aug 2016, 22:33:47.601 [  FINER] [   FXGL.SystemLogger] [           main] java.vm.info=mixed mode
07 Aug 2016, 22:33:47.602 [  FINER] [   FXGL.SystemLogger] [           main] awt.toolkit=sun.awt.windows.WToolkit
07 Aug 2016, 22:33:47.602 [  FINER] [   FXGL.SystemLogger] [           main] user.language=en
07 Aug 2016, 22:33:47.602 [  FINER] [   FXGL.SystemLogger] [           main] java.specification.vendor=Oracle Corporation
07 Aug 2016, 22:33:47.602 [  FINER] [   FXGL.SystemLogger] [           main] sun.java.command=com.intellij.rt.execution.application.AppMain Breakout
07 Aug 2016, 22:33:47.602 [  FINER] [   FXGL.SystemLogger] [           main] java.home=C:\Program Files\Java\jdk1.8.0_65\jre
07 Aug 2016, 22:33:47.603 [  FINER] [   FXGL.SystemLogger] [           main] sun.arch.data.model=64
07 Aug 2016, 22:33:47.603 [  FINER] [   FXGL.SystemLogger] [           main] java.vm.specification.version=1.8
07 Aug 2016, 22:33:47.603 [  FINER] [   FXGL.SystemLogger] [           main] java.class.path=C:\Program Files\Java\jdk1.8.0_65\jre\lib\charsets.jar;C:\Program Files\Java\jdk1.8.0_65\jre\lib\deploy.jar;C:\Program Files\Java\jdk1.8.0_65\jre\lib\ext\access-bridge-64.jar;C:\Program Files\Java\jdk1.8.0_65\jre\lib\ext\cldrdata.jar;C:\Program Files\Java\jdk1.8.0_65\jre\lib\ext\dnsns.jar;C:\Program Files\Java\jdk1.8.0_65\jre\lib\ext\jaccess.jar;C:\Program Files\Java\jdk1.8.0_65\jre\lib\ext\jfxrt.jar;C:\Program Files\Java\jdk1.8.0_65\jre\lib\ext\localedata.jar;C:\Program Files\Java\jdk1.8.0_65\jre\lib\ext\nashorn.jar;C:\Program Files\Java\jdk1.8.0_65\jre\lib\ext\sunec.jar;C:\Program Files\Java\jdk1.8.0_65\jre\lib\ext\sunjce_provider.jar;C:\Program Files\Java\jdk1.8.0_65\jre\lib\ext\sunmscapi.jar;C:\Program Files\Java\jdk1.8.0_65\jre\lib\ext\sunpkcs11.jar;C:\Program Files\Java\jdk1.8.0_65\jre\lib\ext\zipfs.jar;C:\Program Files\Java\jdk1.8.0_65\jre\lib\javaws.jar;C:\Program Files\Java\jdk1.8.0_65\jre\lib\jce.jar;C:\Program Files\Java\jdk1.8.0_65\jre\lib\jfr.jar;C:\Program Files\Java\jdk1.8.0_65\jre\lib\jfxswt.jar;C:\Program Files\Java\jdk1.8.0_65\jre\lib\jsse.jar;C:\Program Files\Java\jdk1.8.0_65\jre\lib\management-agent.jar;C:\Program Files\Java\jdk1.8.0_65\jre\lib\plugin.jar;C:\Program Files\Java\jdk1.8.0_65\jre\lib\resources.jar;C:\Program Files\Java\jdk1.8.0_65\jre\lib\rt.jar;C:\Users\Whit\IdeaProjects\Breakout2\out\production\Breakout2;C:\Users\Whit\IdeaProjects\Breakout2\lib\FXGL-0.2.5-uber.jar;C:\Program Files (x86)\JetBrains\IntelliJ IDEA Community Edition 15.0.3\lib\idea_rt.jar
07 Aug 2016, 22:33:47.604 [  FINER] [   FXGL.SystemLogger] [           main] user.name=Whit
07 Aug 2016, 22:33:47.604 [  FINER] [   FXGL.SystemLogger] [           main] file.encoding=UTF-8
07 Aug 2016, 22:33:47.604 [  FINER] [   FXGL.SystemLogger] [           main] idea.launcher.bin.path=C:\Program Files (x86)\JetBrains\IntelliJ IDEA Community Edition 15.0.3\bin
07 Aug 2016, 22:33:47.605 [  FINER] [   FXGL.SystemLogger] [           main] java.specification.version=1.8
07 Aug 2016, 22:33:47.605 [  FINER] [   FXGL.SystemLogger] [           main] java.awt.printerjob=sun.awt.windows.WPrinterJob
07 Aug 2016, 22:33:47.605 [  FINER] [   FXGL.SystemLogger] [           main] user.timezone=America/New_York
07 Aug 2016, 22:33:47.606 [  FINER] [   FXGL.SystemLogger] [           main] user.home=C:\Users\Whit
07 Aug 2016, 22:33:47.606 [  FINER] [   FXGL.SystemLogger] [           main] os.version=6.3
07 Aug 2016, 22:33:47.606 [  FINER] [   FXGL.SystemLogger] [           main] sun.management.compiler=HotSpot 64-Bit Tiered Compilers
07 Aug 2016, 22:33:47.607 [  FINER] [   FXGL.SystemLogger] [           main] java.specification.name=Java Platform API Specification
07 Aug 2016, 22:33:47.607 [  FINER] [   FXGL.SystemLogger] [           main] java.class.version=52.0
07 Aug 2016, 22:33:47.607 [  FINER] [   FXGL.SystemLogger] [           main] java.library.path=C:\Program Files\Java\jdk1.8.0_65\bin;C:\Windows\Sun\Java\bin;C:\Windows\system32;C:\Windows;C:\ProgramData\Oracle\Java\javapath;C:\Windows\system32;C:\Windows;C:\Windows\System32\Wbem;C:\Windows\System32\WindowsPowerShell\v1.0\;C:\Program Files\Git\cmd;.
07 Aug 2016, 22:33:47.607 [  FINER] [   FXGL.SystemLogger] [           main] sun.jnu.encoding=Cp1252
07 Aug 2016, 22:33:47.608 [  FINER] [   FXGL.SystemLogger] [           main] os.name=Windows 8.1
07 Aug 2016, 22:33:47.608 [  FINER] [   FXGL.SystemLogger] [           main] user.variant=
07 Aug 2016, 22:33:47.608 [  FINER] [   FXGL.SystemLogger] [           main] java.vm.specification.vendor=Oracle Corporation
07 Aug 2016, 22:33:47.608 [  FINER] [   FXGL.SystemLogger] [           main] java.io.tmpdir=C:\Users\Whit\AppData\Local\Temp\
07 Aug 2016, 22:33:47.609 [  FINER] [   FXGL.SystemLogger] [           main] line.separator=

07 Aug 2016, 22:33:47.609 [  FINER] [   FXGL.SystemLogger] [           main] java.endorsed.dirs=C:\Program Files\Java\jdk1.8.0_65\jre\lib\endorsed
07 Aug 2016, 22:33:47.609 [  FINER] [   FXGL.SystemLogger] [           main] os.arch=amd64
07 Aug 2016, 22:33:47.610 [  FINER] [   FXGL.SystemLogger] [           main] java.awt.graphicsenv=sun.awt.Win32GraphicsEnvironment
07 Aug 2016, 22:33:47.610 [  FINER] [   FXGL.SystemLogger] [           main] java.runtime.version=1.8.0_65-b17
07 Aug 2016, 22:33:47.610 [  FINER] [   FXGL.SystemLogger] [           main] java.vm.specification.name=Java Virtual Machine Specification
07 Aug 2016, 22:33:47.611 [  FINER] [   FXGL.SystemLogger] [           main] user.dir=C:\Users\Whit\IdeaProjects\Breakout2
07 Aug 2016, 22:33:47.611 [  FINER] [   FXGL.SystemLogger] [           main] user.country=US
07 Aug 2016, 22:33:47.611 [  FINER] [   FXGL.SystemLogger] [           main] user.script=
07 Aug 2016, 22:33:47.614 [  FINER] [   FXGL.SystemLogger] [           main] sun.java.launcher=SUN_STANDARD
07 Aug 2016, 22:33:47.614 [  FINER] [   FXGL.SystemLogger] [           main] sun.os.patch.level=
07 Aug 2016, 22:33:47.614 [  FINER] [   FXGL.SystemLogger] [           main] idea.launcher.port=7532
07 Aug 2016, 22:33:47.615 [  FINER] [   FXGL.SystemLogger] [           main] java.vm.name=Java HotSpot(TM) 64-Bit Server VM
07 Aug 2016, 22:33:47.615 [  FINER] [   FXGL.SystemLogger] [           main] file.encoding.pkg=sun.io
07 Aug 2016, 22:33:47.615 [  FINER] [   FXGL.SystemLogger] [           main] path.separator=;
07 Aug 2016, 22:33:47.616 [  FINER] [   FXGL.SystemLogger] [           main] java.vm.vendor=Oracle Corporation
07 Aug 2016, 22:33:47.616 [  FINER] [   FXGL.SystemLogger] [           main] java.vendor.url=http://java.oracle.com/
07 Aug 2016, 22:33:47.616 [  FINER] [   FXGL.SystemLogger] [           main] sun.boot.library.path=C:\Program Files\Java\jdk1.8.0_65\jre\bin
07 Aug 2016, 22:33:47.617 [  FINER] [   FXGL.SystemLogger] [           main] java.vm.version=25.65-b01
07 Aug 2016, 22:33:47.618 [  FINER] [   FXGL.SystemLogger] [           main] java.runtime.name=Java(TM) SE Runtime Environment
07 Aug 2016, 22:33:47.624 [   INFO] [   FXGL.SystemLogger] [           main] FXGL-0.2.5
07 Aug 2016, 22:33:47.624 [   INFO] [   FXGL.SystemLogger] [           main] JavaFX-1.8.0_92-b14
07 Aug 2016, 22:33:47.625 [   INFO] [   FXGL.SystemLogger] [           main] JBox2D-2.3.0-fxgl
07 Aug 2016, 22:33:47.625 [   INFO] [   FXGL.SystemLogger] [           main] Kotlin-1.0.3
07 Aug 2016, 22:33:47.625 [   INFO] [   FXGL.SystemLogger] [           main] Source code and latest versions at: https://github.com/AlmasB/FXGL
07 Aug 2016, 22:33:47.626 [   INFO] [   FXGL.SystemLogger] [           main]              Join the FXGL chat at: https://gitter.im/AlmasB/FXGL
07 Aug 2016, 22:33:47.802 [  FINER] [   FXGL.SystemLogger] [JavaFX Application Thread] Starting JavaFX
07 Aug 2016, 22:33:47.813 [  FINER] [   FXGL.SystemLogger] [JavaFX-Launcher] Initializing FXGL
07 Aug 2016, 22:33:47.838 [  FINER] [   FXGL.SystemLogger] [JavaFX Application Thread] Starting FXGL
07 Aug 2016, 22:33:47.838 [  FINER] [   FXGL.SystemLogger] [JavaFX Application Thread] Initializing system properties
07 Aug 2016, 22:33:47.905 [  FINER] [   FXGL.SystemLogger] [JavaFX Application Thread] sound.notification = system/notification.wav
07 Aug 2016, 22:33:47.906 [  FINER] [   FXGL.SystemLogger] [JavaFX Application Thread] asset.cache.size = 35
07 Aug 2016, 22:33:47.906 [  FINER] [   FXGL.SystemLogger] [JavaFX Application Thread] fs.profiledir = profiles/
07 Aug 2016, 22:33:47.906 [  FINER] [   FXGL.SystemLogger] [JavaFX Application Thread] url.pom = https://raw.githubusercontent.com/AlmasB/FXGL/master/pom.xml
07 Aug 2016, 22:33:47.907 [  FINER] [   FXGL.SystemLogger] [JavaFX Application Thread] fs.datafile.ext = .dat
07 Aug 2016, 22:33:47.907 [  FINER] [   FXGL.SystemLogger] [JavaFX Application Thread] sound.menu.back = menu/back.wav
07 Aug 2016, 22:33:47.910 [  FINER] [   FXGL.SystemLogger] [JavaFX Application Thread] sound.menu.select = menu/select.wav
07 Aug 2016, 22:33:47.910 [  FINER] [   FXGL.SystemLogger] [JavaFX Application Thread] url.github = https://github.com/AlmasB/FXGL
07 Aug 2016, 22:33:47.910 [  FINER] [   FXGL.SystemLogger] [JavaFX Application Thread] physics.ppm = 50
07 Aug 2016, 22:33:47.911 [  FINER] [   FXGL.SystemLogger] [JavaFX Application Thread] ui.css = fxgl.css
07 Aug 2016, 22:33:47.912 [  FINER] [   FXGL.SystemLogger] [JavaFX Application Thread] version.check.days = 7
07 Aug 2016, 22:33:47.912 [  FINER] [   FXGL.SystemLogger] [JavaFX Application Thread] fs.savefile.ext = .sav
07 Aug 2016, 22:33:47.913 [  FINER] [   FXGL.SystemLogger] [JavaFX Application Thread] ui.font = Copperplate_Gothic_Light_Regular.ttf
07 Aug 2016, 22:33:47.913 [  FINER] [   FXGL.SystemLogger] [JavaFX Application Thread] fs.savedir = saves/
07 Aug 2016, 22:33:47.916 [  FINER] [   FXGL.SystemLogger] [JavaFX Application Thread] fs.profilename = user.profile
07 Aug 2016, 22:33:47.917 [  FINER] [   FXGL.SystemLogger] [JavaFX Application Thread] ui.icon.name = fxgl_icon.png
07 Aug 2016, 22:33:47.917 [  FINER] [   FXGL.SystemLogger] [JavaFX Application Thread] sound.menu.press = menu/press.wav
07 Aug 2016, 22:33:47.917 [  FINER] [   FXGL.SystemLogger] [JavaFX Application Thread] Initializing user properties
07 Aug 2016, 22:33:47.918 [   INFO] [   FXGL.SystemLogger] [JavaFX Application Thread] User properties not found. Using system
07 Aug 2016, 22:33:47.919 [  FINER] [   FXGL.SystemLogger] [JavaFX Application Thread] Initializing app settings
07 Aug 2016, 22:33:49.305 [  FINER] [   FXGL.SystemLogger] [JavaFX Application Thread] FXGL configuration complete
07 Aug 2016, 22:33:49.305 [   INFO] [   FXGL.SystemLogger] [JavaFX Application Thread] FXGL configuration took: 1.467245567 sec
07 Aug 2016, 22:33:49.659 [  FINER] [   FXGL.SystemLogger] [JavaFX Application Thread] Pausing main loop
07 Aug 2016, 22:33:49.661 [  FINER] [   FXGL.SystemLogger] [JavaFX Application Thread] Resetting FXGL application
07 Aug 2016, 22:33:51.147 [  FINER] [   FXGL.SystemLogger] [JavaFX Application Thread] Resuming main loop
07 Aug 2016, 22:33:53.435 [  FINER] [   FXGL.SystemLogger] [JavaFX Application Thread] Pausing main loop
07 Aug 2016, 22:33:54.615 [  FINER] [   FXGL.SystemLogger] [JavaFX Application Thread] Resuming main loop
07 Aug 2016, 22:33:54.616 [  FINER] [   FXGL.SystemLogger] [JavaFX Application Thread] Exiting Normally
07 Aug 2016, 22:33:54.617 [   INFO] [   FXGL.SystemLogger] [JavaFX Application Thread] Processed Frames: 127
07 Aug 2016, 22:33:54.617 [   INFO] [   FXGL.SystemLogger] [JavaFX Application Thread] Average FPS: 42.574803149606296
07 Aug 2016, 22:33:54.618 [   INFO] [   FXGL.SystemLogger] [JavaFX Application Thread] Average Performance: 1532.8897637795276
07 Aug 2016, 22:33:54.618 [   INFO] [   FXGL.SystemLogger] [JavaFX Application Thread] Average Memory Usage: 31.069342613220215 MB
07 Aug 2016, 22:33:54.619 [   INFO] [   FXGL.SystemLogger] [JavaFX Application Thread] Min Memory Usage: 31.305908203125 MB
07 Aug 2016, 22:33:54.620 [   INFO] [   FXGL.SystemLogger] [JavaFX Application Thread] Max Memory Usage: 31.640625 MB
07 Aug 2016, 22:33:54.621 [   INFO] [   FXGL.SystemLogger] [JavaFX Application Thread] Estimated GC runs: 0
07 Aug 2016, 22:33:54.632 [  FINER] [   FXGL.SystemLogger] [JavaFX Application Thread] Exiting FXGL
07 Aug 2016, 22:33:54.632 [  FINER] [   FXGL.SystemLogger] [JavaFX Application Thread] Logger is closing
